-------------------------------------------------------------------------------
Test set: br.edu.cefsa.aluno.ValidoraAluno
-------------------------------------------------------------------------------
Tests run: 1, Failures: 1, Errors: 0, Skipped: 0, Time elapsed: 0.096 s <<< FAILURE! - in br.edu.cefsa.aluno.ValidoraAluno
SeMediaDoAlunoMaiorQueMediaConfiguradaAlunoSeraAprovado  Time elapsed: 0.066 s  <<< FAILURE!
org.opentest4j.AssertionFailedError: expected: <9.0> but was: <10.0>
	at br.edu.cefsa.aluno.ValidoraAluno.SeMediaDoAlunoMaiorQueMediaConfiguradaAlunoSeraAprovado(ValidoraAluno.java:69)

