<?xml version="1.0" encoding="UTF-8"?>
<testsuite xmlns:xsi="http://www.w3.org/2001/XMLSchema-instance" xsi:noNamespaceSchemaLocation="https://maven.apache.org/surefire/maven-surefire-plugin/xsd/surefire-test-report.xsd" name="br.cefsa.edu.calculos.ValidadoraCalculos" time="29.906" tests="1" errors="1" skipped="0" failures="0">
  <properties>
[...]
</properties>
  <testcase name="SeNotasDeAlunoEPesosSaoValidosEFatorFrequenciaAtivoCalculaMedia" classname="br.cefsa.edu.calculos.ValidadoraCalculos" time="29.843">
    <error message="É necessário pelo menos 1 frequência" type="java.lang.Exception">java.lang.Exception: É necessário pelo menos 1 frequência
	at br.cefsa.edu.calculos.ValidadoraCalculos.SeNotasDeAlunoEPesosSaoValidosEFatorFrequenciaAtivoCalculaMedia(ValidadoraCalculos.java:94)
</error>
  </testcase>
</testsuite>