<?xml version="1.0" encoding="UTF-8"?>
<testsuite xmlns:xsi="http://www.w3.org/2001/XMLSchema-instance" xsi:noNamespaceSchemaLocation="https://maven.apache.org/surefire/maven-surefire-plugin/xsd/surefire-test-report.xsd" name="br.cefsa.edu.calculos.ValidadoraCalculos" time="0.067" tests="13" errors="0" skipped="0" failures="0">
  <properties>
[...]
</properties>
  <testcase name="seFrequenciasNaoPertencemAoMesmoPeriodoLetivoEhEsperadoException" classname="br.cefsa.edu.calculos.ValidadoraCalculos" time="0.022"/>
  <testcase name="seFrequenciasNaoPertencemAoMesmoAlunoEhEsperadoException" classname="br.cefsa.edu.calculos.ValidadoraCalculos" time="0.001"/>
  <testcase name="seNotasNaoPertencemAoMesmoTipoEhEsperadoException" classname="br.cefsa.edu.calculos.ValidadoraCalculos" time="0.001"/>
  <testcase name="seNotasDeAlunoEPesosSaoValidosEFatorFrequenciaAtivoCalculaMedia" classname="br.cefsa.edu.calculos.ValidadoraCalculos" time="0.003"/>
  <testcase name="seSomaDosPesosForDiferentedeUmEhEsperadoException" classname="br.cefsa.edu.calculos.ValidadoraCalculos" time="0"/>
  <testcase name="seFrequenciasNaoPertencemAMesmaMateriaEhEsperadoException" classname="br.cefsa.edu.calculos.ValidadoraCalculos" time="0.001"/>
  <testcase name="seNotasDeAlunoEPesosSaoValidosCalculaMedia" classname="br.cefsa.edu.calculos.ValidadoraCalculos" time="0.001"/>
  <testcase name="seNotasNaoPertencemAoMesmoAlunoEhEsperadoException" classname="br.cefsa.edu.calculos.ValidadoraCalculos" time="0.001"/>
  <testcase name="seQuantidadeDeFrequenciasForMenorQueUmEhEsperadoException" classname="br.cefsa.edu.calculos.ValidadoraCalculos" time="0.001"/>
  <testcase name="seQuantidadeDeNotasForDiferenteDeQuatroEhEsperadoException" classname="br.cefsa.edu.calculos.ValidadoraCalculos" time="0.001"/>
  <testcase name="sePesoForIgualAZeroEhEsperadoException" classname="br.cefsa.edu.calculos.ValidadoraCalculos" time="0.001"/>
  <testcase name="seNotasForemMenorQueZeroOuMaiorQueDezEhEsperadoException" classname="br.cefsa.edu.calculos.ValidadoraCalculos" time="0.001"/>
  <testcase name="seQuantidadeDePesosForDiferenteDeQuatroEhEsperadoException" classname="br.cefsa.edu.calculos.ValidadoraCalculos" time="0.001"/>
</testsuite>